  stdafx.cpp
  ChildFrm.cpp
  ClassView.cpp
  EntornVGI.cpp
  EntornVGIDoc.cpp
  EntornVGIView.cpp
  escena.cpp
  FileView.cpp
  glut_geometry.cpp
  Load3DS.cpp
  MainFrm.cpp
  material.cpp
  Obj3DS.cpp
  objLoader.cpp
  OutputWnd.cpp
  PropertiesWnd.cpp
  ViewTree.cpp
  visualitzacio.cpp
     Creating library C:\Users\Severino Mateus Jr\Projects\GMS2018\Debug\EntornVGI.lib and object C:\Users\Severino Mateus Jr\Projects\GMS2018\Debug\EntornVGI.exp
glew32s.lib(glew.obj) : warning LNK4099: PDB 'vc120.pdb' was not found with 'glew32s.lib(glew.obj)' or at 'C:\Users\Severino Mateus Jr\Projects\GMS2018\Debug\vc120.pdb'; linking object as if no debug info
  EntornVGI.vcxproj -> C:\Users\Severino Mateus Jr\Projects\GMS2018\Debug\EntornVGI.exe
