c:\users\severino mateus jr\desktop\gms env-mfc-vs2013\entornvgi\debug\entornvgi.pch
c:\users\severino mateus jr\desktop\gms env-mfc-vs2013\entornvgi\debug\vc141.pdb
c:\users\severino mateus jr\desktop\gms env-mfc-vs2013\entornvgi\debug\stdafx.obj
c:\users\severino mateus jr\desktop\gms env-mfc-vs2013\entornvgi\debug\childfrm.obj
c:\users\severino mateus jr\desktop\gms env-mfc-vs2013\entornvgi\debug\entornvgiview.obj
c:\users\severino mateus jr\desktop\gms env-mfc-vs2013\entornvgi\debug\propertieswnd.obj
c:\users\severino mateus jr\desktop\gms env-mfc-vs2013\entornvgi\debug\entornvgidoc.obj
c:\users\severino mateus jr\desktop\gms env-mfc-vs2013\entornvgi\debug\escena.obj
c:\users\severino mateus jr\desktop\gms env-mfc-vs2013\entornvgi\debug\glut_geometry.obj
c:\users\severino mateus jr\desktop\gms env-mfc-vs2013\entornvgi\debug\mainfrm.obj
c:\users\severino mateus jr\desktop\gms env-mfc-vs2013\entornvgi\debug\material.obj
c:\users\severino mateus jr\desktop\gms env-mfc-vs2013\entornvgi\debug\obj3ds.obj
c:\users\severino mateus jr\desktop\gms env-mfc-vs2013\entornvgi\debug\classview.obj
c:\users\severino mateus jr\desktop\gms env-mfc-vs2013\entornvgi\debug\fileview.obj
c:\users\severino mateus jr\desktop\gms env-mfc-vs2013\entornvgi\debug\load3ds.obj
c:\users\severino mateus jr\desktop\gms env-mfc-vs2013\entornvgi\debug\viewtree.obj
c:\users\severino mateus jr\desktop\gms env-mfc-vs2013\entornvgi\debug\entornvgi.obj
c:\users\severino mateus jr\desktop\gms env-mfc-vs2013\entornvgi\debug\objloader.obj
c:\users\severino mateus jr\desktop\gms env-mfc-vs2013\entornvgi\debug\outputwnd.obj
c:\users\severino mateus jr\desktop\gms env-mfc-vs2013\entornvgi\debug\entornvgi.tlog\cl.command.1.tlog
c:\users\severino mateus jr\desktop\gms env-mfc-vs2013\entornvgi\debug\entornvgi.tlog\cl.read.1.tlog
c:\users\severino mateus jr\desktop\gms env-mfc-vs2013\entornvgi\debug\entornvgi.tlog\cl.write.1.tlog
